Flutter crash report; please file at https://github.com/flutter/flutter/issues.

## command

flutter packages get

## exception

YamlException: Error on line 36, column 11: Expected a key while parsing a block mapping.
          - asset: assets/fonts/Montserrat.ttf
          ^

```
#0      Parser._parseBlockMappingKey (package:yaml/src/parser.dart:448)
#1      Parser._stateMachine (package:yaml/src/parser.dart:86)
#2      Parser.parse (package:yaml/src/parser.dart:47)
#3      Loader._loadMapping (package:yaml/src/loader.dart:171)
#4      Loader._loadNode (package:yaml/src/loader.dart:86)
#5      Loader._loadSequence (package:yaml/src/loader.dart:141)
#6      Loader._loadNode (package:yaml/src/loader.dart:84)
#7      Loader._loadMapping (package:yaml/src/loader.dart:165)
#8      Loader._loadNode (package:yaml/src/loader.dart:86)
#9      Loader._loadSequence (package:yaml/src/loader.dart:141)
#10     Loader._loadNode (package:yaml/src/loader.dart:84)
#11     Loader._loadMapping (package:yaml/src/loader.dart:165)
#12     Loader._loadNode (package:yaml/src/loader.dart:86)
#13     Loader._loadMapping (package:yaml/src/loader.dart:165)
#14     Loader._loadNode (package:yaml/src/loader.dart:86)
#15     Loader._loadDocument (package:yaml/src/loader.dart:62)
#16     Loader.load (package:yaml/src/loader.dart:54)
#17     loadYamlDocument (package:yaml/yaml.dart:51)
#18     loadYamlNode (package:yaml/yaml.dart:42)
#19     loadYaml (package:yaml/yaml.dart:34)
#20     _pluginFromPubspec (package:flutter_tools/src/plugins.dart:52)
#21     _findPlugins.<anonymous closure> (package:flutter_tools/src/plugins.dart:75)
#22     _HashVMBase&MapMixin&&_LinkedHashMapMixin.forEach (dart:collection-patch/dart:collection/compact_hash.dart:363)
#23     _findPlugins (package:flutter_tools/src/plugins.dart:73)
#24     injectPlugins (package:flutter_tools/src/plugins.dart:238)
#25     FlutterProject.ensureReadyForPlatformSpecificTooling (package:flutter_tools/src/project.dart:62)
#26     PackagesGetCommand.runCommand (package:flutter_tools/src/commands/packages.dart:80)
<asynchronous suspension>
#27     FlutterCommand.verifyThenRunCommand (package:flutter_tools/src/runner/flutter_command.dart:290)
<asynchronous suspension>
#28     FlutterCommand.run (package:flutter_tools/src/runner/flutter_command.dart:228)
<asynchronous suspension>
#29     CommandRunner.runCommand (package:args/command_runner.dart:194)
<asynchronous suspension>
#30     FlutterCommandRunner.runCommand (package:flutter_tools/src/runner/flutter_command_runner.dart:286)
<asynchronous suspension>
#31     CommandRunner.run.<anonymous closure> (package:args/command_runner.dart:109)
#32     new Future.sync (dart:async/future.dart:222)
#33     CommandRunner.run (package:args/command_runner.dart:109)
#34     FlutterCommandRunner.run (package:flutter_tools/src/runner/flutter_command_runner.dart:166)
#35     run.<anonymous closure> (package:flutter_tools/runner.dart:90)
<asynchronous suspension>
#36     AppContext._run (package:flutter_tools/src/base/context.dart:76)
<asynchronous suspension>
#37     AppContext.runInZone.<anonymous closure> (package:flutter_tools/src/base/context.dart:66)
#38     _rootRun (dart:async/zone.dart:1126)
#39     _CustomZone.run (dart:async/zone.dart:1023)
#40     runZoned (dart:async/zone.dart:1501)
#41     AppContext.runInZone (package:flutter_tools/src/base/context.dart:65)
#42     run (package:flutter_tools/runner.dart:61)
<asynchronous suspension>
#43     main (package:flutter_tools/executable.dart:48)
<asynchronous suspension>
#44     main (file:///D:/Flutter/flutter/packages/flutter_tools/bin/flutter_tools.dart:16)
#45     _startIsolate.<anonymous closure> (dart:isolate-patch/dart:isolate/isolate_patch.dart:277)
#46     _RawReceivePortImpl._handleMessage (dart:isolate-patch/dart:isolate/isolate_patch.dart:165)
```

## flutter doctor

```
[✓] Flutter (Channel beta, v0.2.3, on Microsoft Windows [Version 10.0.16299.309], locale en-US)
    • Flutter version 0.2.3 at D:\Flutter\flutter
    • Framework revision 5a58b36e36 (3 weeks ago), 2018-03-13 13:20:13 -0700
    • Engine revision e61bb9ac3a
    • Dart version 2.0.0-dev.35.flutter-290c576264

[!] Android toolchain - develop for Android devices (Android SDK 27.0.1)
    • Android SDK at C:\Users\Inam\AppData\Local\Android\sdk\
    • Android NDK location not configured (optional; useful for native profiling support)
    • Platform android-27, build-tools 27.0.1
    • ANDROID_HOME = C:\Users\Inam\AppData\Local\Android\sdk\
    • Java binary at: C:\Program Files\Android\Android Studio\jre\bin\java
    • Java version OpenJDK Runtime Environment (build 1.8.0_152-release-915-b01)
    ✗ Android license status unknown.

[✓] Android Studio (version 3.0)
    • Android Studio at C:\Program Files\Android\Android Studio
    • Java version OpenJDK Runtime Environment (build 1.8.0_152-release-915-b01)

[✓] VS Code, 32-bit edition (version 1.14.2)
    • VS Code at C:\Program Files (x86)\Microsoft VS Code
    • Dart Code extension version 2.4.0

[✓] Connected devices (1 available)
    • Android SDK built for x86 • emulator-5554 • android-x86 • Android 6.0 (API 23) (emulator)

! Doctor found issues in 1 category.
```
